# JRE version: Java(TM) SE Runtime Environment (8.0_131-b11) (build 1.8.0_131-b11)
# Java VM: Java HotSpot(TM) 64-Bit Server VM (25.131-b11 mixed mode windows-amd64 compressed oops)
Heap:
 PSYoungGen      total 128000K, used 45802K [0x000000076b300000, 0x0000000774b80000, 0x00000007c0000000)
  eden space 113152K, 40% used [0x000000076b300000,0x000000076dfbaa60,0x0000000772180000)
  from space 14848K, 0% used [0x0000000773000000,0x0000000773000000,0x0000000773e80000)
  to   space 14848K, 0% used [0x0000000772180000,0x0000000772180000,0x0000000773000000)
 ParOldGen       total 175616K, used 18210K [0x00000006c1800000, 0x00000006cc380000, 0x000000076b300000)
  object space 175616K, 10% used [0x00000006c1800000,0x00000006c29c8be0,0x00000006cc380000)
 Metaspace       used 38088K, capacity 38486K, committed 38656K, reserved 1083392K
  class space    used 4490K, capacity 4604K, committed 4608K, reserved 1048576K
GC Heap History (10 events):
Event: 2.904 GC heap before
{Heap before GC invocations=4 (full 1):
 PSYoungGen      total 76288K, used 65536K [0x000000076b300000, 0x0000000770800000, 0x00000007c0000000)
  eden space 65536K, 100% used [0x000000076b300000,0x000000076f300000,0x000000076f300000)
  from space 10752K, 0% used [0x000000076fd80000,0x000000076fd80000,0x0000000770800000)
  to   space 10752K, 0% used [0x000000076f300000,0x000000076f300000,0x000000076fd80000)
 ParOldGen       total 117760K, used 9472K [0x00000006c1800000, 0x00000006c8b00000, 0x000000076b300000)
  object space 117760K, 8% used [0x00000006c1800000,0x00000006c21401b0,0x00000006c8b00000)
 Metaspace       used 26550K, capacity 26798K, committed 27136K, reserved 1073152K
  class space    used 3228K, capacity 3308K, committed 3328K, reserved 1048576K
Event: 2.911 GC heap after
Heap after GC invocations=4 (full 1):
 PSYoungGen      total 76288K, used 10250K [0x000000076b300000, 0x0000000771e00000, 0x00000007c0000000)
  eden space 65536K, 0% used [0x000000076b300000,0x000000076b300000,0x000000076f300000)
  from space 10752K, 95% used [0x000000076f300000,0x000000076fd02a00,0x000000076fd80000)
  to   space 10752K, 0% used [0x0000000771380000,0x0000000771380000,0x0000000771e00000)
 ParOldGen       total 117760K, used 9480K [0x00000006c1800000, 0x00000006c8b00000, 0x000000076b300000)
  object space 117760K, 8% used [0x00000006c1800000,0x00000006c21421b0,0x00000006c8b00000)
 Metaspace       used 26550K, capacity 26798K, committed 27136K, reserved 1073152K
  class space    used 3228K, capacity 3308K, committed 3328K, reserved 1048576K
}
Event: 4.050 GC heap before
{Heap before GC invocations=5 (full 1):
 PSYoungGen      total 76288K, used 75786K [0x000000076b300000, 0x0000000771e00000, 0x00000007c0000000)
  eden space 65536K, 100% used [0x000000076b300000,0x000000076f300000,0x000000076f300000)
  from space 10752K, 95% used [0x000000076f300000,0x000000076fd02a00,0x000000076fd80000)
  to   space 10752K, 0% used [0x0000000771380000,0x0000000771380000,0x0000000771e00000)
 ParOldGen       total 117760K, used 9480K [0x00000006c1800000, 0x00000006c8b00000, 0x000000076b300000)
  object space 117760K, 8% used [0x00000006c1800000,0x00000006c21421b0,0x00000006c8b00000)
 Metaspace       used 28859K, capacity 29100K, committed 29568K, reserved 1075200K
  class space    used 3516K, capacity 3601K, committed 3712K, reserved 1048576K
Event: 4.060 GC heap after
Heap after GC invocations=5 (full 1):
 PSYoungGen      total 98816K, used 10739K [0x000000076b300000, 0x0000000771e00000, 0x00000007c0000000)
  eden space 88064K, 0% used [0x000000076b300000,0x000000076b300000,0x0000000770900000)
  from space 10752K, 99% used [0x0000000771380000,0x0000000771dfcff0,0x0000000771e00000)
  to   space 10752K, 0% used [0x0000000770900000,0x0000000770900000,0x0000000771380000)
 ParOldGen       total 117760K, used 11626K [0x00000006c1800000, 0x00000006c8b00000, 0x000000076b300000)
  object space 117760K, 9% used [0x00000006c1800000,0x00000006c235aa58,0x00000006c8b00000)
 Metaspace       used 28859K, capacity 29100K, committed 29568K, reserved 1075200K
  class space    used 3516K, capacity 3601K, committed 3712K, reserved 1048576K
}
Event: 23.902 GC heap before
{Heap before GC invocations=6 (full 1):
 PSYoungGen      total 98816K, used 98803K [0x000000076b300000, 0x0000000771e00000, 0x00000007c0000000)
  eden space 88064K, 100% used [0x000000076b300000,0x0000000770900000,0x0000000770900000)
  from space 10752K, 99% used [0x0000000771380000,0x0000000771dfcff0,0x0000000771e00000)
  to   space 10752K, 0% used [0x0000000770900000,0x0000000770900000,0x0000000771380000)
 ParOldGen       total 117760K, used 11626K [0x00000006c1800000, 0x00000006c8b00000, 0x000000076b300000)
  object space 117760K, 9% used [0x00000006c1800000,0x00000006c235aa58,0x00000006c8b00000)
 Metaspace       used 34301K, capacity 34638K, committed 35072K, reserved 1079296K
  class space    used 4150K, capacity 4248K, committed 4352K, reserved 1048576K
Event: 23.910 GC heap after
Heap after GC invocations=6 (full 1):
 PSYoungGen      total 98816K, used 10730K [0x000000076b300000, 0x0000000773e80000, 0x00000007c0000000)
  eden space 88064K, 0% used [0x000000076b300000,0x000000076b300000,0x0000000770900000)
  from space 10752K, 99% used [0x0000000770900000,0x000000077137ab80,0x0000000771380000)
  to   space 14848K, 0% used [0x0000000773000000,0x0000000773000000,0x0000000773e80000)
 ParOldGen       total 117760K, used 15235K [0x00000006c1800000, 0x00000006c8b00000, 0x000000076b300000)
  object space 117760K, 12% used [0x00000006c1800000,0x00000006c26e0de8,0x00000006c8b00000)
 Metaspace       used 34301K, capacity 34638K, committed 35072K, reserved 1079296K
  class space    used 4150K, capacity 4248K, committed 4352K, reserved 1048576K
}
Event: 24.145 GC heap before
{Heap before GC invocations=7 (full 1):
 PSYoungGen      total 98816K, used 14604K [0x000000076b300000, 0x0000000773e80000, 0x00000007c0000000)
  eden space 88064K, 4% used [0x000000076b300000,0x000000076b6c87c8,0x0000000770900000)
  from space 10752K, 99% used [0x0000000770900000,0x000000077137ab80,0x0000000771380000)
  to   space 14848K, 0% used [0x0000000773000000,0x0000000773000000,0x0000000773e80000)
 ParOldGen       total 117760K, used 15235K [0x00000006c1800000, 0x00000006c8b00000, 0x000000076b300000)
  object space 117760K, 12% used [0x00000006c1800000,0x00000006c26e0de8,0x00000006c8b00000)
 Metaspace       used 34917K, capacity 35232K, committed 35496K, reserved 1081344K
  class space    used 4206K, capacity 4315K, committed 4352K, reserved 1048576K
Event: 24.153 GC heap after
Heap after GC invocations=7 (full 1):
 PSYoungGen      total 128000K, used 11815K [0x000000076b300000, 0x0000000774b80000, 0x00000007c0000000)
  eden space 113152K, 0% used [0x000000076b300000,0x000000076b300000,0x0000000772180000)
  from space 14848K, 79% used [0x0000000773000000,0x0000000773b89ee0,0x0000000773e80000)
  to   space 14848K, 0% used [0x0000000772180000,0x0000000772180000,0x0000000773000000)
 ParOldGen       total 117760K, used 15243K [0x00000006c1800000, 0x00000006c8b00000, 0x000000076b300000)
  object space 117760K, 12% used [0x00000006c1800000,0x00000006c26e2de8,0x00000006c8b00000)
 Metaspace       used 34917K, capacity 35232K, committed 35496K, reserved 1081344K
  class space    used 4206K, capacity 4315K, committed 4352K, reserved 1048576K
}
Event: 24.153 GC heap before
{Heap before GC invocations=8 (full 2):
 PSYoungGen      total 128000K, used 11815K [0x000000076b300000, 0x0000000774b80000, 0x00000007c0000000)
  eden space 113152K, 0% used [0x000000076b300000,0x000000076b300000,0x0000000772180000)
  from space 14848K, 79% used [0x0000000773000000,0x0000000773b89ee0,0x0000000773e80000)
  to   space 14848K, 0% used [0x0000000772180000,0x0000000772180000,0x0000000773000000)
 ParOldGen       total 117760K, used 15243K [0x00000006c1800000, 0x00000006c8b00000, 0x000000076b300000)
  object space 117760K, 12% used [0x00000006c1800000,0x00000006c26e2de8,0x00000006c8b00000)
 Metaspace       used 34917K, capacity 35232K, committed 35496K, reserved 1081344K
  class space    used 4206K, capacity 4315K, committed 4352K, reserved 1048576K
Event: 24.202 GC heap after
Heap after GC invocations=8 (full 2):
 PSYoungGen      total 128000K, used 0K [0x000000076b300000, 0x0000000774b80000, 0x00000007c0000000)
  eden space 113152K, 0% used [0x000000076b300000,0x000000076b300000,0x0000000772180000)
  from space 14848K, 0% used [0x0000000773000000,0x0000000773000000,0x0000000773e80000)
  to   space 14848K, 0% used [0x0000000772180000,0x0000000772180000,0x0000000773000000)
 ParOldGen       total 175616K, used 18210K [0x00000006c1800000, 0x00000006cc380000, 0x000000076b300000)
  object space 175616K, 10% used [0x00000006c1800000,0x00000006c29c8be0,0x00000006cc380000)
 Metaspace       used 34917K, capacity 35232K, committed 35496K, reserved 1081344K
  class space    used 4206K, capacity 4315K, committed 4352K, reserved 1048576K
}

